--------------------------------------------------------------------------------
Release 14.1 Trace  (nt64)
Copyright (c) 1995-2012 Xilinx, Inc.  All rights reserved.

C:\Xilinx-ise\14.1\ISE_DS\ISE\bin\nt64\unwrapped\trce.exe -intstyle ise -v 3 -s
2I -n 3 -fastpaths -xml bit8adder.twx bit8adder.ncd -o bit8adder.twr
bit8adder.pcf

Design file:              bit8adder.ncd
Physical constraint file: bit8adder.pcf
Device,package,speed:     xa7a100t,csg324,I,-2I (ADVANCED 1.01 2012-04-23)
Report level:             verbose report

Environment Variable      Effect 
--------------------      ------ 
NONE                      No environment variables were set
--------------------------------------------------------------------------------

INFO:Timing:2698 - No timing constraints found, doing default enumeration.
INFO:Timing:3412 - To improve timing, see the Timing Closure User Guide (UG612).
INFO:Timing:2752 - To get complete path coverage, use the unconstrained paths 
   option. All paths that are not constrained will be reported in the 
   unconstrained paths section(s) of the report.
INFO:Timing:3339 - The clock-to-out numbers in this timing report are based on 
   a 50 Ohm transmission line loading model.  For the details of this model, 
   and for more information on accounting for different loading conditions, 
   please see the device datasheet.



Data Sheet report:
-----------------
All values displayed in nanoseconds (ns)

Pad to Pad
---------------+---------------+---------+
Source Pad     |Destination Pad|  Delay  |
---------------+---------------+---------+
a<0>           |cout           |    8.947|
a<0>           |sum<0>         |    6.973|
a<0>           |sum<1>         |    7.580|
a<0>           |sum<2>         |    7.678|
a<0>           |sum<3>         |    7.838|
a<0>           |sum<4>         |    8.719|
a<0>           |sum<5>         |    8.900|
a<0>           |sum<6>         |    9.251|
a<0>           |sum<7>         |    9.008|
a<1>           |cout           |    8.734|
a<1>           |sum<1>         |    7.371|
a<1>           |sum<2>         |    7.465|
a<1>           |sum<3>         |    7.625|
a<1>           |sum<4>         |    8.506|
a<1>           |sum<5>         |    8.687|
a<1>           |sum<6>         |    9.038|
a<1>           |sum<7>         |    8.795|
a<2>           |cout           |    7.755|
a<2>           |sum<2>         |    6.872|
a<2>           |sum<3>         |    6.994|
a<2>           |sum<4>         |    7.527|
a<2>           |sum<5>         |    7.708|
a<2>           |sum<6>         |    8.059|
a<2>           |sum<7>         |    7.816|
a<3>           |cout           |    7.816|
a<3>           |sum<3>         |    6.852|
a<3>           |sum<4>         |    7.588|
a<3>           |sum<5>         |    7.769|
a<3>           |sum<6>         |    8.120|
a<3>           |sum<7>         |    7.877|
a<4>           |cout           |    7.116|
a<4>           |sum<4>         |    7.025|
a<4>           |sum<5>         |    7.211|
a<4>           |sum<6>         |    7.420|
a<4>           |sum<7>         |    7.177|
a<5>           |cout           |    7.256|
a<5>           |sum<5>         |    7.107|
a<5>           |sum<6>         |    7.560|
a<5>           |sum<7>         |    7.317|
a<6>           |cout           |    7.200|
a<6>           |sum<6>         |    7.138|
a<6>           |sum<7>         |    7.277|
a<7>           |cout           |    6.948|
a<7>           |sum<7>         |    7.061|
b<0>           |cout           |    8.830|
b<0>           |sum<0>         |    6.993|
b<0>           |sum<1>         |    7.458|
b<0>           |sum<2>         |    7.561|
b<0>           |sum<3>         |    7.721|
b<0>           |sum<4>         |    8.602|
b<0>           |sum<5>         |    8.783|
b<0>           |sum<6>         |    9.134|
b<0>           |sum<7>         |    8.891|
b<1>           |cout           |    8.358|
b<1>           |sum<1>         |    6.979|
b<1>           |sum<2>         |    7.089|
b<1>           |sum<3>         |    7.249|
b<1>           |sum<4>         |    8.130|
b<1>           |sum<5>         |    8.311|
b<1>           |sum<6>         |    8.662|
b<1>           |sum<7>         |    8.419|
b<2>           |cout           |    7.966|
b<2>           |sum<2>         |    7.111|
b<2>           |sum<3>         |    6.714|
b<2>           |sum<4>         |    7.738|
b<2>           |sum<5>         |    7.919|
b<2>           |sum<6>         |    8.270|
b<2>           |sum<7>         |    8.027|
b<3>           |cout           |    7.360|
b<3>           |sum<3>         |    6.593|
b<3>           |sum<4>         |    7.132|
b<3>           |sum<5>         |    7.313|
b<3>           |sum<6>         |    7.664|
b<3>           |sum<7>         |    7.421|
b<4>           |cout           |    7.270|
b<4>           |sum<4>         |    6.907|
b<4>           |sum<5>         |    7.233|
b<4>           |sum<6>         |    7.574|
b<4>           |sum<7>         |    7.331|
b<5>           |cout           |    7.450|
b<5>           |sum<5>         |    6.943|
b<5>           |sum<6>         |    7.754|
b<5>           |sum<7>         |    7.511|
b<6>           |cout           |    6.689|
b<6>           |sum<6>         |    7.223|
b<6>           |sum<7>         |    6.760|
b<7>           |cout           |    6.890|
b<7>           |sum<7>         |    7.285|
m              |cout           |    9.200|
m              |sum<0>         |    8.039|
m              |sum<1>         |    7.838|
m              |sum<2>         |    7.931|
m              |sum<3>         |    8.091|
m              |sum<4>         |    8.972|
m              |sum<5>         |    9.153|
m              |sum<6>         |    9.504|
m              |sum<7>         |    9.261|
---------------+---------------+---------+


Analysis completed Tue Oct 04 16:58:03 2016 
--------------------------------------------------------------------------------

Trace Settings:
-------------------------
Trace Settings 

Peak Memory Usage: 612 MB



