ISim log file
Running: C:\Xilinx-ise\lab2\test_isim_beh.exe -intstyle ise -gui -tclbatch isim.cmd -wdb C:/Xilinx-ise/lab2/test_isim_beh.wdb 
ISim P.15xf (signature 0xc3576ebc)
WARNING: A WEBPACK license was found.
WARNING: Please use Xilinx License Configuration Manager to check out a full ISim license.
WARNING: ISim will run in Lite mode. Please refer to the ISim documentation for more information on the differences between the Lite and the Full version.
This is a Lite version of ISim.
WARNING:  For instance a0/fa1/, width 1 of formal port c is not equal to width 32 of actual constant.
WARNING: File "C:/Xilinx-ise/lab2/multiplier.v" Line 28.  For instance mu/a0/, width 8 of formal port b is not equal to width 4 of actual variable temp. 
WARNING: File "C:/Xilinx-ise/lab2/multiplier.v" Line 28.  For instance mu/a0/, width 8 of formal port sum is not equal to width 4 of actual variable temp. 
WARNING:  For instance a2/fa1/, width 1 of formal port c is not equal to width 32 of actual constant.
WARNING: File "C:/Xilinx-ise/lab2/multiplier.v" Line 28.  For instance mu/a2/, width 8 of formal port b is not equal to width 4 of actual variable temp. 
WARNING: File "C:/Xilinx-ise/lab2/multiplier.v" Line 28.  For instance mu/a2/, width 8 of formal port sum is not equal to width 4 of actual variable temp. 
WARNING:  For instance a3/fa1/, width 1 of formal port c is not equal to width 32 of actual constant.
WARNING: File "C:/Xilinx-ise/lab2/multiplier.v" Line 28.  For instance mu/a3/, width 8 of formal port b is not equal to width 4 of actual variable temp. 
WARNING: File "C:/Xilinx-ise/lab2/multiplier.v" Line 28.  For instance mu/a3/, width 8 of formal port sum is not equal to width 4 of actual variable temp. 
WARNING:  For instance a4/fa1/, width 1 of formal port c is not equal to width 32 of actual constant.
WARNING: File "C:/Xilinx-ise/lab2/multiplier.v" Line 28.  For instance mu/a4/, width 8 of formal port b is not equal to width 4 of actual variable temp. 
WARNING: File "C:/Xilinx-ise/lab2/multiplier.v" Line 28.  For instance mu/a4/, width 8 of formal port sum is not equal to width 4 of actual variable temp. 
WARNING:  For instance a5/fa1/, width 1 of formal port c is not equal to width 32 of actual constant.
WARNING: File "C:/Xilinx-ise/lab2/multiplier.v" Line 28.  For instance mu/a5/, width 8 of formal port b is not equal to width 4 of actual variable temp. 
WARNING: File "C:/Xilinx-ise/lab2/multiplier.v" Line 28.  For instance mu/a5/, width 8 of formal port sum is not equal to width 4 of actual variable temp. 
WARNING:  For instance a6/fa1/, width 1 of formal port c is not equal to width 32 of actual constant.
WARNING: File "C:/Xilinx-ise/lab2/multiplier.v" Line 28.  For instance mu/a6/, width 8 of formal port b is not equal to width 4 of actual variable temp. 
WARNING: File "C:/Xilinx-ise/lab2/multiplier.v" Line 28.  For instance mu/a6/, width 8 of formal port sum is not equal to width 4 of actual variable temp. 
WARNING:  For instance a7/fa1/, width 1 of formal port c is not equal to width 32 of actual constant.
WARNING: File "C:/Xilinx-ise/lab2/multiplier.v" Line 28.  For instance mu/a7/, width 8 of formal port b is not equal to width 4 of actual variable temp. 
WARNING: File "C:/Xilinx-ise/lab2/multiplier.v" Line 28.  For instance mu/a7/, width 8 of formal port sum is not equal to width 4 of actual variable temp. 
WARNING:  For instance a8/fa1/, width 1 of formal port c is not equal to width 32 of actual constant.
WARNING: File "C:/Xilinx-ise/lab2/multiplier.v" Line 28.  For instance mu/a8/, width 8 of formal port b is not equal to width 4 of actual variable temp. 
WARNING: File "C:/Xilinx-ise/lab2/multiplier.v" Line 28.  For instance mu/a8/, width 8 of formal port sum is not equal to width 4 of actual variable temp. 
WARNING: File "C:/Xilinx-ise/lab2/test.v" Line 25.  For instance test/mu/, width 8 of formal port C is not equal to width 12 of actual signal c.
Time resolution is 1 ps
# onerror resume
# wave add /
# run 1000 ns
Simulator is doing circuit initialization process.
