--------------------------------------------------------------------------------
Release 14.1 Trace  (nt64)
Copyright (c) 1995-2012 Xilinx, Inc.  All rights reserved.

C:\Xilinx-ise\14.1\ISE_DS\ISE\bin\nt64\unwrapped\trce.exe -intstyle ise -v 3 -s
2I -n 3 -fastpaths -xml mgate_fa.twx mgate_fa.ncd -o mgate_fa.twr mgate_fa.pcf

Design file:              mgate_fa.ncd
Physical constraint file: mgate_fa.pcf
Device,package,speed:     xa7a100t,csg324,I,-2I (ADVANCED 1.01 2012-04-23)
Report level:             verbose report

Environment Variable      Effect 
--------------------      ------ 
NONE                      No environment variables were set
--------------------------------------------------------------------------------

INFO:Timing:2698 - No timing constraints found, doing default enumeration.
INFO:Timing:3412 - To improve timing, see the Timing Closure User Guide (UG612).
INFO:Timing:2752 - To get complete path coverage, use the unconstrained paths 
   option. All paths that are not constrained will be reported in the 
   unconstrained paths section(s) of the report.
INFO:Timing:3339 - The clock-to-out numbers in this timing report are based on 
   a 50 Ohm transmission line loading model.  For the details of this model, 
   and for more information on accounting for different loading conditions, 
   please see the device datasheet.



Data Sheet report:
-----------------
All values displayed in nanoseconds (ns)

Pad to Pad
---------------+---------------+---------+
Source Pad     |Destination Pad|  Delay  |
---------------+---------------+---------+
a              |fcarry         |    6.552|
a              |fsum           |    6.424|
b              |fcarry         |    6.999|
b              |fsum           |    6.864|
c              |fcarry         |    6.874|
c              |fsum           |    6.730|
m              |fcarry         |    7.017|
m              |fsum           |    6.878|
---------------+---------------+---------+


Analysis completed Tue Oct 04 15:45:52 2016 
--------------------------------------------------------------------------------

Trace Settings:
-------------------------
Trace Settings 

Peak Memory Usage: 611 MB



